12:16:56.796 [main] INFO  - ********** Creating User **********
12:17:00.562 [main] INFO  - ********** User is created Successfully **********
12:17:00.569 [main] INFO  - ********** Reading User Info **********
12:17:02.123 [main] INFO  - ********** User Info is displayed Successfully **********
12:17:02.132 [main] INFO  - ********** Updating User **********
12:17:03.576 [main] INFO  - ********** User is Updated Successfully **********
12:17:05.080 [main] INFO  - ********** Deleting User **********
12:17:06.599 [main] INFO  - ********** User is Deleted Successfully **********
12:17:44.180 [main] INFO  - ********** Creating User **********
12:17:47.939 [main] INFO  - ********** User is created Successfully **********
12:17:47.951 [main] INFO  - ********** Reading User Info **********
12:17:49.541 [main] INFO  - ********** User Info is displayed Successfully **********
12:17:49.552 [main] INFO  - ********** Updating User **********
12:17:51.139 [main] INFO  - ********** User is Updated Successfully **********
12:17:52.606 [main] INFO  - ********** Deleting User **********
12:17:54.056 [main] INFO  - ********** User is Deleted Successfully **********
12:18:34.248 [main] INFO  - ********** Creating User **********
12:18:37.892 [main] INFO  - ********** User is created Successfully **********
12:18:37.899 [main] INFO  - ********** Reading User Info **********
12:18:39.460 [main] INFO  - ********** User Info is displayed Successfully **********
12:18:39.475 [main] INFO  - ********** Updating User **********
12:18:41.016 [main] INFO  - ********** User is Updated Successfully **********
12:18:42.498 [main] INFO  - ********** Deleting User **********
12:18:43.984 [main] INFO  - ********** User is Deleted Successfully **********
16:54:56.230 [TestNG-tests-1] DEBUG - Parsing relationship: /xl/_rels/workbook.xml.rels
16:54:56.241 [TestNG-tests-1] DEBUG - Parsing relationship: /xl/worksheets/_rels/sheet1.xml.rels
16:54:56.247 [TestNG-tests-1] DEBUG - Parsing relationship: /_rels/.rels
16:54:57.081 [TestNG-tests-1] DEBUG - using default POIXMLDocumentPart for http://schemas.openxmlformats.org/officeDocument/2006/relationships/printerSettings
16:54:57.273 [TestNG-tests-1] DEBUG - Parsing relationship: /xl/_rels/workbook.xml.rels
16:54:57.275 [TestNG-tests-1] DEBUG - Parsing relationship: /xl/worksheets/_rels/sheet1.xml.rels
16:54:57.277 [TestNG-tests-1] DEBUG - Parsing relationship: /_rels/.rels
16:54:57.301 [TestNG-tests-1] DEBUG - using default POIXMLDocumentPart for http://schemas.openxmlformats.org/officeDocument/2006/relationships/printerSettings
16:54:57.327 [TestNG-tests-1] DEBUG - Parsing relationship: /xl/_rels/workbook.xml.rels
16:54:57.328 [TestNG-tests-1] DEBUG - Parsing relationship: /xl/worksheets/_rels/sheet1.xml.rels
16:54:57.330 [TestNG-tests-1] DEBUG - Parsing relationship: /_rels/.rels
16:54:57.352 [TestNG-tests-1] DEBUG - using default POIXMLDocumentPart for http://schemas.openxmlformats.org/officeDocument/2006/relationships/printerSettings
16:54:57.410 [TestNG-tests-1] DEBUG - Parsing relationship: /xl/_rels/workbook.xml.rels
16:54:57.412 [TestNG-tests-1] DEBUG - Parsing relationship: /xl/worksheets/_rels/sheet1.xml.rels
16:54:57.413 [TestNG-tests-1] DEBUG - Parsing relationship: /_rels/.rels
16:54:57.464 [TestNG-tests-1] DEBUG - using default POIXMLDocumentPart for http://schemas.openxmlformats.org/officeDocument/2006/relationships/printerSettings
16:54:57.521 [TestNG-tests-1] DEBUG - Parsing relationship: /xl/_rels/workbook.xml.rels
16:54:57.523 [TestNG-tests-1] DEBUG - Parsing relationship: /xl/worksheets/_rels/sheet1.xml.rels
16:54:57.525 [TestNG-tests-1] DEBUG - Parsing relationship: /_rels/.rels
16:54:57.541 [TestNG-tests-1] DEBUG - using default POIXMLDocumentPart for http://schemas.openxmlformats.org/officeDocument/2006/relationships/printerSettings
16:54:57.579 [TestNG-tests-1] DEBUG - Parsing relationship: /xl/_rels/workbook.xml.rels
16:54:57.581 [TestNG-tests-1] DEBUG - Parsing relationship: /xl/worksheets/_rels/sheet1.xml.rels
16:54:57.584 [TestNG-tests-1] DEBUG - Parsing relationship: /_rels/.rels
16:54:57.601 [TestNG-tests-1] DEBUG - using default POIXMLDocumentPart for http://schemas.openxmlformats.org/officeDocument/2006/relationships/printerSettings
16:54:57.628 [TestNG-tests-1] DEBUG - Parsing relationship: /xl/_rels/workbook.xml.rels
16:54:57.630 [TestNG-tests-1] DEBUG - Parsing relationship: /xl/worksheets/_rels/sheet1.xml.rels
16:54:57.631 [TestNG-tests-1] DEBUG - Parsing relationship: /_rels/.rels
16:54:57.651 [TestNG-tests-1] DEBUG - using default POIXMLDocumentPart for http://schemas.openxmlformats.org/officeDocument/2006/relationships/printerSettings
16:54:57.702 [TestNG-tests-1] DEBUG - Parsing relationship: /xl/_rels/workbook.xml.rels
16:54:57.703 [TestNG-tests-1] DEBUG - Parsing relationship: /xl/worksheets/_rels/sheet1.xml.rels
16:54:57.704 [TestNG-tests-1] DEBUG - Parsing relationship: /_rels/.rels
16:54:57.724 [TestNG-tests-1] DEBUG - using default POIXMLDocumentPart for http://schemas.openxmlformats.org/officeDocument/2006/relationships/printerSettings
16:54:57.776 [TestNG-tests-1] DEBUG - Parsing relationship: /xl/_rels/workbook.xml.rels
16:54:57.777 [TestNG-tests-1] DEBUG - Parsing relationship: /xl/worksheets/_rels/sheet1.xml.rels
16:54:57.778 [TestNG-tests-1] DEBUG - Parsing relationship: /_rels/.rels
16:54:57.807 [TestNG-tests-1] DEBUG - using default POIXMLDocumentPart for http://schemas.openxmlformats.org/officeDocument/2006/relationships/printerSettings
16:54:57.837 [TestNG-tests-1] DEBUG - Parsing relationship: /xl/_rels/workbook.xml.rels
16:54:57.839 [TestNG-tests-1] DEBUG - Parsing relationship: /xl/worksheets/_rels/sheet1.xml.rels
16:54:57.840 [TestNG-tests-1] DEBUG - Parsing relationship: /_rels/.rels
16:54:57.855 [TestNG-tests-1] DEBUG - using default POIXMLDocumentPart for http://schemas.openxmlformats.org/officeDocument/2006/relationships/printerSettings
16:54:57.874 [TestNG-tests-1] DEBUG - Parsing relationship: /xl/_rels/workbook.xml.rels
16:54:57.875 [TestNG-tests-1] DEBUG - Parsing relationship: /xl/worksheets/_rels/sheet1.xml.rels
16:54:57.877 [TestNG-tests-1] DEBUG - Parsing relationship: /_rels/.rels
16:54:57.900 [TestNG-tests-1] DEBUG - using default POIXMLDocumentPart for http://schemas.openxmlformats.org/officeDocument/2006/relationships/printerSettings
16:54:57.918 [TestNG-tests-1] DEBUG - Parsing relationship: /xl/_rels/workbook.xml.rels
16:54:57.919 [TestNG-tests-1] DEBUG - Parsing relationship: /xl/worksheets/_rels/sheet1.xml.rels
16:54:57.921 [TestNG-tests-1] DEBUG - Parsing relationship: /_rels/.rels
16:54:57.950 [TestNG-tests-1] DEBUG - using default POIXMLDocumentPart for http://schemas.openxmlformats.org/officeDocument/2006/relationships/printerSettings
16:54:57.966 [TestNG-tests-1] DEBUG - Parsing relationship: /xl/_rels/workbook.xml.rels
16:54:57.968 [TestNG-tests-1] DEBUG - Parsing relationship: /xl/worksheets/_rels/sheet1.xml.rels
16:54:57.969 [TestNG-tests-1] DEBUG - Parsing relationship: /_rels/.rels
16:54:57.988 [TestNG-tests-1] DEBUG - using default POIXMLDocumentPart for http://schemas.openxmlformats.org/officeDocument/2006/relationships/printerSettings
16:54:58.004 [TestNG-tests-1] DEBUG - Parsing relationship: /xl/_rels/workbook.xml.rels
16:54:58.005 [TestNG-tests-1] DEBUG - Parsing relationship: /xl/worksheets/_rels/sheet1.xml.rels
16:54:58.006 [TestNG-tests-1] DEBUG - Parsing relationship: /_rels/.rels
16:54:58.021 [TestNG-tests-1] DEBUG - using default POIXMLDocumentPart for http://schemas.openxmlformats.org/officeDocument/2006/relationships/printerSettings
16:54:58.082 [TestNG-tests-1] DEBUG - Parsing relationship: /xl/_rels/workbook.xml.rels
16:54:58.083 [TestNG-tests-1] DEBUG - Parsing relationship: /xl/worksheets/_rels/sheet1.xml.rels
16:54:58.085 [TestNG-tests-1] DEBUG - Parsing relationship: /_rels/.rels
16:54:58.118 [TestNG-tests-1] DEBUG - using default POIXMLDocumentPart for http://schemas.openxmlformats.org/officeDocument/2006/relationships/printerSettings
16:54:58.160 [TestNG-tests-1] DEBUG - Parsing relationship: /xl/_rels/workbook.xml.rels
16:54:58.161 [TestNG-tests-1] DEBUG - Parsing relationship: /xl/worksheets/_rels/sheet1.xml.rels
16:54:58.163 [TestNG-tests-1] DEBUG - Parsing relationship: /_rels/.rels
16:54:58.180 [TestNG-tests-1] DEBUG - using default POIXMLDocumentPart for http://schemas.openxmlformats.org/officeDocument/2006/relationships/printerSettings
16:54:58.208 [TestNG-tests-1] DEBUG - Parsing relationship: /xl/_rels/workbook.xml.rels
16:54:58.209 [TestNG-tests-1] DEBUG - Parsing relationship: /xl/worksheets/_rels/sheet1.xml.rels
16:54:58.210 [TestNG-tests-1] DEBUG - Parsing relationship: /_rels/.rels
16:54:58.220 [TestNG-tests-1] DEBUG - using default POIXMLDocumentPart for http://schemas.openxmlformats.org/officeDocument/2006/relationships/printerSettings
16:54:58.232 [TestNG-tests-1] DEBUG - Parsing relationship: /xl/_rels/workbook.xml.rels
16:54:58.234 [TestNG-tests-1] DEBUG - Parsing relationship: /xl/worksheets/_rels/sheet1.xml.rels
16:54:58.235 [TestNG-tests-1] DEBUG - Parsing relationship: /_rels/.rels
16:54:58.251 [TestNG-tests-1] DEBUG - using default POIXMLDocumentPart for http://schemas.openxmlformats.org/officeDocument/2006/relationships/printerSettings
16:54:58.264 [TestNG-tests-1] DEBUG - Parsing relationship: /xl/_rels/workbook.xml.rels
16:54:58.265 [TestNG-tests-1] DEBUG - Parsing relationship: /xl/worksheets/_rels/sheet1.xml.rels
16:54:58.271 [TestNG-tests-1] DEBUG - Parsing relationship: /_rels/.rels
16:54:58.291 [TestNG-tests-1] DEBUG - using default POIXMLDocumentPart for http://schemas.openxmlformats.org/officeDocument/2006/relationships/printerSettings
16:54:58.318 [TestNG-tests-1] DEBUG - Parsing relationship: /xl/_rels/workbook.xml.rels
16:54:58.319 [TestNG-tests-1] DEBUG - Parsing relationship: /xl/worksheets/_rels/sheet1.xml.rels
16:54:58.320 [TestNG-tests-1] DEBUG - Parsing relationship: /_rels/.rels
16:54:58.333 [TestNG-tests-1] DEBUG - using default POIXMLDocumentPart for http://schemas.openxmlformats.org/officeDocument/2006/relationships/printerSettings
16:54:58.353 [TestNG-tests-1] DEBUG - Parsing relationship: /xl/_rels/workbook.xml.rels
16:54:58.354 [TestNG-tests-1] DEBUG - Parsing relationship: /xl/worksheets/_rels/sheet1.xml.rels
16:54:58.355 [TestNG-tests-1] DEBUG - Parsing relationship: /_rels/.rels
16:54:58.366 [TestNG-tests-1] DEBUG - using default POIXMLDocumentPart for http://schemas.openxmlformats.org/officeDocument/2006/relationships/printerSettings
16:54:58.382 [TestNG-tests-1] DEBUG - Parsing relationship: /xl/_rels/workbook.xml.rels
16:54:58.383 [TestNG-tests-1] DEBUG - Parsing relationship: /xl/worksheets/_rels/sheet1.xml.rels
16:54:58.384 [TestNG-tests-1] DEBUG - Parsing relationship: /_rels/.rels
16:54:58.392 [TestNG-tests-1] DEBUG - using default POIXMLDocumentPart for http://schemas.openxmlformats.org/officeDocument/2006/relationships/printerSettings
16:54:58.406 [TestNG-tests-1] DEBUG - Parsing relationship: /xl/_rels/workbook.xml.rels
16:54:58.407 [TestNG-tests-1] DEBUG - Parsing relationship: /xl/worksheets/_rels/sheet1.xml.rels
16:54:58.409 [TestNG-tests-1] DEBUG - Parsing relationship: /_rels/.rels
16:54:58.421 [TestNG-tests-1] DEBUG - using default POIXMLDocumentPart for http://schemas.openxmlformats.org/officeDocument/2006/relationships/printerSettings
16:55:00.064 [TestNG-tests-3] INFO  - ********** User is created Successfully **********
16:55:00.078 [TestNG-tests-2] INFO  - ********** User is created Successfully **********
16:55:00.086 [TestNG-tests-3] INFO  - ********** Reading User Info **********
16:55:00.093 [TestNG-tests-2] INFO  - ********** Reading User Info **********
16:55:01.319 [TestNG-tests-3] INFO  - ********** User Info is displayed Successfully **********
16:55:01.326 [TestNG-tests-3] INFO  - ********** Updating User **********
16:55:01.368 [TestNG-tests-2] INFO  - ********** User Info is displayed Successfully **********
16:55:01.372 [TestNG-tests-2] INFO  - ********** Updating User **********
16:55:02.541 [TestNG-tests-3] INFO  - ********** User is Updated Successfully **********
16:55:02.589 [TestNG-tests-2] INFO  - ********** User is Updated Successfully **********
16:55:02.596 [TestNG-tests-1] DEBUG - Parsing relationship: /xl/_rels/workbook.xml.rels
16:55:02.598 [TestNG-tests-1] DEBUG - Parsing relationship: /xl/worksheets/_rels/sheet1.xml.rels
16:55:02.602 [TestNG-tests-1] DEBUG - Parsing relationship: /_rels/.rels
16:55:02.615 [TestNG-tests-1] DEBUG - using default POIXMLDocumentPart for http://schemas.openxmlformats.org/officeDocument/2006/relationships/printerSettings
16:55:02.626 [TestNG-tests-1] DEBUG - Parsing relationship: /xl/_rels/workbook.xml.rels
16:55:02.627 [TestNG-tests-1] DEBUG - Parsing relationship: /xl/worksheets/_rels/sheet1.xml.rels
16:55:02.627 [TestNG-tests-1] DEBUG - Parsing relationship: /_rels/.rels
16:55:02.636 [TestNG-tests-1] DEBUG - using default POIXMLDocumentPart for http://schemas.openxmlformats.org/officeDocument/2006/relationships/printerSettings
16:55:02.650 [TestNG-tests-1] DEBUG - Parsing relationship: /xl/_rels/workbook.xml.rels
16:55:02.651 [TestNG-tests-1] DEBUG - Parsing relationship: /xl/worksheets/_rels/sheet1.xml.rels
16:55:02.652 [TestNG-tests-1] DEBUG - Parsing relationship: /_rels/.rels
16:55:02.661 [TestNG-tests-1] DEBUG - using default POIXMLDocumentPart for http://schemas.openxmlformats.org/officeDocument/2006/relationships/printerSettings
16:55:02.670 [TestNG-tests-1] DEBUG - Parsing relationship: /xl/_rels/workbook.xml.rels
16:55:02.671 [TestNG-tests-1] DEBUG - Parsing relationship: /xl/worksheets/_rels/sheet1.xml.rels
16:55:02.672 [TestNG-tests-1] DEBUG - Parsing relationship: /_rels/.rels
16:55:02.680 [TestNG-tests-1] DEBUG - using default POIXMLDocumentPart for http://schemas.openxmlformats.org/officeDocument/2006/relationships/printerSettings
16:55:03.823 [TestNG-tests-3] INFO  - ********** Deleting User **********
16:55:04.184 [TestNG-tests-2] INFO  - ********** Deleting User **********
16:55:05.090 [TestNG-tests-3] INFO  - ********** User is Deleted Successfully **********
16:55:05.453 [TestNG-tests-2] INFO  - ********** User is Deleted Successfully **********
16:55:54.544 [TestNG-tests-3] INFO  - ********** Creating User **********
16:55:55.030 [TestNG-tests-1] DEBUG - using default POIXMLDocumentPart for http://schemas.openxmlformats.org/officeDocument/2006/relationships/printerSettings
16:55:55.237 [TestNG-tests-1] DEBUG - Parsing relationship: /xl/_rels/workbook.xml.rels
16:55:55.243 [TestNG-tests-1] DEBUG - Parsing relationship: /xl/worksheets/_rels/sheet1.xml.rels
16:55:55.251 [TestNG-tests-1] DEBUG - Parsing relationship: /_rels/.rels
16:55:55.322 [TestNG-tests-1] DEBUG - using default POIXMLDocumentPart for http://schemas.openxmlformats.org/officeDocument/2006/relationships/printerSettings
16:55:55.350 [TestNG-tests-1] DEBUG - Parsing relationship: /xl/_rels/workbook.xml.rels
16:55:55.351 [TestNG-tests-1] DEBUG - Parsing relationship: /xl/worksheets/_rels/sheet1.xml.rels
16:55:55.352 [TestNG-tests-1] DEBUG - Parsing relationship: /_rels/.rels
16:55:55.372 [TestNG-tests-1] DEBUG - using default POIXMLDocumentPart for http://schemas.openxmlformats.org/officeDocument/2006/relationships/printerSettings
16:55:55.422 [TestNG-tests-1] DEBUG - Parsing relationship: /xl/_rels/workbook.xml.rels
16:55:55.423 [TestNG-tests-1] DEBUG - Parsing relationship: /xl/worksheets/_rels/sheet1.xml.rels
16:55:55.425 [TestNG-tests-1] DEBUG - Parsing relationship: /_rels/.rels
16:55:55.443 [TestNG-tests-1] DEBUG - using default POIXMLDocumentPart for http://schemas.openxmlformats.org/officeDocument/2006/relationships/printerSettings
16:55:55.487 [TestNG-tests-1] DEBUG - Parsing relationship: /xl/_rels/workbook.xml.rels
16:55:55.488 [TestNG-tests-1] DEBUG - Parsing relationship: /xl/worksheets/_rels/sheet1.xml.rels
16:55:55.490 [TestNG-tests-1] DEBUG - Parsing relationship: /_rels/.rels
16:55:55.505 [TestNG-tests-1] DEBUG - using default POIXMLDocumentPart for http://schemas.openxmlformats.org/officeDocument/2006/relationships/printerSettings
16:55:55.530 [TestNG-tests-1] DEBUG - Parsing relationship: /xl/_rels/workbook.xml.rels
16:55:55.531 [TestNG-tests-1] DEBUG - Parsing relationship: /xl/worksheets/_rels/sheet1.xml.rels
16:55:55.542 [TestNG-tests-1] DEBUG - Parsing relationship: /_rels/.rels
16:55:55.582 [TestNG-tests-1] DEBUG - using default POIXMLDocumentPart for http://schemas.openxmlformats.org/officeDocument/2006/relationships/printerSettings
16:55:55.608 [TestNG-tests-1] DEBUG - Parsing relationship: /xl/_rels/workbook.xml.rels
16:55:55.609 [TestNG-tests-1] DEBUG - Parsing relationship: /xl/worksheets/_rels/sheet1.xml.rels
16:55:55.611 [TestNG-tests-1] DEBUG - Parsing relationship: /_rels/.rels
16:55:55.628 [TestNG-tests-1] DEBUG - using default POIXMLDocumentPart for http://schemas.openxmlformats.org/officeDocument/2006/relationships/printerSettings
16:55:55.666 [TestNG-tests-1] DEBUG - Parsing relationship: /xl/_rels/workbook.xml.rels
16:55:55.670 [TestNG-tests-1] DEBUG - Parsing relationship: /xl/worksheets/_rels/sheet1.xml.rels
16:55:55.672 [TestNG-tests-1] DEBUG - Parsing relationship: /_rels/.rels
16:55:55.719 [TestNG-tests-1] DEBUG - using default POIXMLDocumentPart for http://schemas.openxmlformats.org/officeDocument/2006/relationships/printerSettings
16:55:55.752 [TestNG-tests-1] DEBUG - Parsing relationship: /xl/_rels/workbook.xml.rels
16:55:55.753 [TestNG-tests-1] DEBUG - Parsing relationship: /xl/worksheets/_rels/sheet1.xml.rels
16:55:55.755 [TestNG-tests-1] DEBUG - Parsing relationship: /_rels/.rels
16:55:55.769 [TestNG-tests-1] DEBUG - using default POIXMLDocumentPart for http://schemas.openxmlformats.org/officeDocument/2006/relationships/printerSettings
16:55:55.788 [TestNG-tests-1] DEBUG - Parsing relationship: /xl/_rels/workbook.xml.rels
16:55:55.800 [TestNG-tests-1] DEBUG - Parsing relationship: /xl/worksheets/_rels/sheet1.xml.rels
16:55:55.804 [TestNG-tests-1] DEBUG - Parsing relationship: /_rels/.rels
16:55:55.819 [TestNG-tests-1] DEBUG - using default POIXMLDocumentPart for http://schemas.openxmlformats.org/officeDocument/2006/relationships/printerSettings
16:55:55.845 [TestNG-tests-1] DEBUG - Parsing relationship: /xl/_rels/workbook.xml.rels
16:55:55.846 [TestNG-tests-1] DEBUG - Parsing relationship: /xl/worksheets/_rels/sheet1.xml.rels
16:55:55.847 [TestNG-tests-1] DEBUG - Parsing relationship: /_rels/.rels
16:55:55.872 [TestNG-tests-1] DEBUG - using default POIXMLDocumentPart for http://schemas.openxmlformats.org/officeDocument/2006/relationships/printerSettings
16:55:55.892 [TestNG-tests-1] DEBUG - Parsing relationship: /xl/_rels/workbook.xml.rels
16:55:55.893 [TestNG-tests-1] DEBUG - Parsing relationship: /xl/worksheets/_rels/sheet1.xml.rels
16:55:55.895 [TestNG-tests-1] DEBUG - Parsing relationship: /_rels/.rels
16:55:55.917 [TestNG-tests-1] DEBUG - using default POIXMLDocumentPart for http://schemas.openxmlformats.org/officeDocument/2006/relationships/printerSettings
16:55:55.932 [TestNG-tests-1] DEBUG - Parsing relationship: /xl/_rels/workbook.xml.rels
16:55:55.934 [TestNG-tests-1] DEBUG - Parsing relationship: /xl/worksheets/_rels/sheet1.xml.rels
16:55:55.937 [TestNG-tests-1] DEBUG - Parsing relationship: /_rels/.rels
16:55:55.956 [TestNG-tests-1] DEBUG - using default POIXMLDocumentPart for http://schemas.openxmlformats.org/officeDocument/2006/relationships/printerSettings
16:55:55.976 [TestNG-tests-1] DEBUG - Parsing relationship: /xl/_rels/workbook.xml.rels
16:55:55.978 [TestNG-tests-1] DEBUG - Parsing relationship: /xl/worksheets/_rels/sheet1.xml.rels
16:55:55.979 [TestNG-tests-1] DEBUG - Parsing relationship: /_rels/.rels
16:55:55.990 [TestNG-tests-1] DEBUG - using default POIXMLDocumentPart for http://schemas.openxmlformats.org/officeDocument/2006/relationships/printerSettings
16:55:56.009 [TestNG-tests-1] DEBUG - Parsing relationship: /xl/_rels/workbook.xml.rels
16:55:56.010 [TestNG-tests-1] DEBUG - Parsing relationship: /xl/worksheets/_rels/sheet1.xml.rels
16:55:56.012 [TestNG-tests-1] DEBUG - Parsing relationship: /_rels/.rels
16:55:56.121 [TestNG-tests-1] DEBUG - using default POIXMLDocumentPart for http://schemas.openxmlformats.org/officeDocument/2006/relationships/printerSettings
16:55:56.155 [TestNG-tests-1] DEBUG - Parsing relationship: /xl/_rels/workbook.xml.rels
16:55:56.156 [TestNG-tests-1] DEBUG - Parsing relationship: /xl/worksheets/_rels/sheet1.xml.rels
16:55:56.157 [TestNG-tests-1] DEBUG - Parsing relationship: /_rels/.rels
16:55:56.184 [TestNG-tests-1] DEBUG - using default POIXMLDocumentPart for http://schemas.openxmlformats.org/officeDocument/2006/relationships/printerSettings
16:55:56.210 [TestNG-tests-1] DEBUG - Parsing relationship: /xl/_rels/workbook.xml.rels
16:55:56.211 [TestNG-tests-1] DEBUG - Parsing relationship: /xl/worksheets/_rels/sheet1.xml.rels
16:55:56.212 [TestNG-tests-1] DEBUG - Parsing relationship: /_rels/.rels
16:55:56.228 [TestNG-tests-1] DEBUG - using default POIXMLDocumentPart for http://schemas.openxmlformats.org/officeDocument/2006/relationships/printerSettings
16:55:56.263 [TestNG-tests-1] DEBUG - Parsing relationship: /xl/_rels/workbook.xml.rels
16:55:56.264 [TestNG-tests-1] DEBUG - Parsing relationship: /xl/worksheets/_rels/sheet1.xml.rels
16:55:56.266 [TestNG-tests-1] DEBUG - Parsing relationship: /_rels/.rels
16:55:56.287 [TestNG-tests-1] DEBUG - using default POIXMLDocumentPart for http://schemas.openxmlformats.org/officeDocument/2006/relationships/printerSettings
16:55:56.327 [TestNG-tests-1] DEBUG - Parsing relationship: /xl/_rels/workbook.xml.rels
16:55:56.328 [TestNG-tests-1] DEBUG - Parsing relationship: /xl/worksheets/_rels/sheet1.xml.rels
16:55:56.329 [TestNG-tests-1] DEBUG - Parsing relationship: /_rels/.rels
16:55:56.344 [TestNG-tests-1] DEBUG - using default POIXMLDocumentPart for http://schemas.openxmlformats.org/officeDocument/2006/relationships/printerSettings
16:55:56.362 [TestNG-tests-1] DEBUG - Parsing relationship: /xl/_rels/workbook.xml.rels
16:55:56.365 [TestNG-tests-1] DEBUG - Parsing relationship: /xl/worksheets/_rels/sheet1.xml.rels
16:55:56.368 [TestNG-tests-1] DEBUG - Parsing relationship: /_rels/.rels
16:55:56.386 [TestNG-tests-1] DEBUG - using default POIXMLDocumentPart for http://schemas.openxmlformats.org/officeDocument/2006/relationships/printerSettings
16:55:56.400 [TestNG-tests-1] DEBUG - Parsing relationship: /xl/_rels/workbook.xml.rels
16:55:56.404 [TestNG-tests-1] DEBUG - Parsing relationship: /xl/worksheets/_rels/sheet1.xml.rels
16:55:56.412 [TestNG-tests-1] DEBUG - Parsing relationship: /_rels/.rels
16:55:56.429 [TestNG-tests-1] DEBUG - using default POIXMLDocumentPart for http://schemas.openxmlformats.org/officeDocument/2006/relationships/printerSettings
16:55:56.443 [TestNG-tests-1] DEBUG - Parsing relationship: /xl/_rels/workbook.xml.rels
16:55:56.444 [TestNG-tests-1] DEBUG - Parsing relationship: /xl/worksheets/_rels/sheet1.xml.rels
16:55:56.445 [TestNG-tests-1] DEBUG - Parsing relationship: /_rels/.rels
16:55:56.456 [TestNG-tests-1] DEBUG - using default POIXMLDocumentPart for http://schemas.openxmlformats.org/officeDocument/2006/relationships/printerSettings
16:55:56.475 [TestNG-tests-1] DEBUG - Parsing relationship: /xl/_rels/workbook.xml.rels
16:55:56.476 [TestNG-tests-1] DEBUG - Parsing relationship: /xl/worksheets/_rels/sheet1.xml.rels
16:55:56.477 [TestNG-tests-1] DEBUG - Parsing relationship: /_rels/.rels
16:55:56.486 [TestNG-tests-1] DEBUG - using default POIXMLDocumentPart for http://schemas.openxmlformats.org/officeDocument/2006/relationships/printerSettings
16:55:58.522 [TestNG-tests-3] INFO  - ********** User is created Successfully **********
16:55:58.522 [TestNG-tests-2] INFO  - ********** User is created Successfully **********
16:55:58.530 [TestNG-tests-2] INFO  - ********** Reading User Info **********
16:55:58.534 [TestNG-tests-3] INFO  - ********** Reading User Info **********
16:55:59.781 [TestNG-tests-3] INFO  - ********** User Info is displayed Successfully **********
16:55:59.786 [TestNG-tests-3] INFO  - ********** Updating User **********
16:55:59.828 [TestNG-tests-2] INFO  - ********** User Info is displayed Successfully **********
16:55:59.830 [TestNG-tests-2] INFO  - ********** Updating User **********
16:56:01.005 [TestNG-tests-1] DEBUG - Parsing relationship: /xl/_rels/workbook.xml.rels
16:56:01.008 [TestNG-tests-1] DEBUG - Parsing relationship: /xl/worksheets/_rels/sheet1.xml.rels
16:56:01.010 [TestNG-tests-1] DEBUG - Parsing relationship: /_rels/.rels
16:56:01.028 [TestNG-tests-3] INFO  - ********** User is Updated Successfully **********
16:56:01.043 [TestNG-tests-1] DEBUG - using default POIXMLDocumentPart for http://schemas.openxmlformats.org/officeDocument/2006/relationships/printerSettings
16:56:01.056 [TestNG-tests-1] DEBUG - Parsing relationship: /xl/_rels/workbook.xml.rels
16:56:01.056 [TestNG-tests-1] DEBUG - Parsing relationship: /xl/worksheets/_rels/sheet1.xml.rels
16:56:01.057 [TestNG-tests-1] DEBUG - Parsing relationship: /_rels/.rels
16:56:01.063 [TestNG-tests-1] DEBUG - using default POIXMLDocumentPart for http://schemas.openxmlformats.org/officeDocument/2006/relationships/printerSettings
16:56:01.073 [TestNG-tests-2] INFO  - ********** User is Updated Successfully **********
16:56:01.083 [TestNG-tests-1] DEBUG - Parsing relationship: /xl/_rels/workbook.xml.rels
16:56:01.084 [TestNG-tests-1] DEBUG - Parsing relationship: /xl/worksheets/_rels/sheet1.xml.rels
16:56:01.085 [TestNG-tests-1] DEBUG - Parsing relationship: /_rels/.rels
16:56:01.093 [TestNG-tests-1] DEBUG - using default POIXMLDocumentPart for http://schemas.openxmlformats.org/officeDocument/2006/relationships/printerSettings
16:56:01.103 [TestNG-tests-1] DEBUG - Parsing relationship: /xl/_rels/workbook.xml.rels
16:56:01.103 [TestNG-tests-1] DEBUG - Parsing relationship: /xl/worksheets/_rels/sheet1.xml.rels
16:56:01.104 [TestNG-tests-1] DEBUG - Parsing relationship: /_rels/.rels
16:56:01.114 [TestNG-tests-1] DEBUG - using default POIXMLDocumentPart for http://schemas.openxmlformats.org/officeDocument/2006/relationships/printerSettings
16:56:02.266 [TestNG-tests-3] INFO  - ********** Deleting User **********
16:56:02.288 [TestNG-tests-2] INFO  - ********** Deleting User **********
16:56:03.471 [TestNG-tests-3] INFO  - ********** User is Deleted Successfully **********
16:56:03.541 [TestNG-tests-2] INFO  - ********** User is Deleted Successfully **********
